2023-02-09 16:58:18  INFO [ros.RosBridgeTest] ===== Welcome To NICOM Robotics Server Application =====
2023-02-09 16:58:18  INFO [util.log] Logging initialized @1158ms to org.eclipse.jetty.util.log.Slf4jLog
2023-02-09 16:58:21  INFO [ros.RosBridge] Connecting to: ws://192.168.0.59:9090
2023-02-09 16:58:23  WARN [events.JettyAnnotatedEventDriver] Unable to report throwable to websocket (no @OnWebSocketError handler declared): ros.RosBridge
java.net.ConnectException: Connection refused: no further information
	at sun.nio.ch.SocketChannelImpl.checkConnect(Native Method) ~[?:1.8.0_251]
	at sun.nio.ch.SocketChannelImpl.finishConnect(SocketChannelImpl.java:717) ~[?:1.8.0_251]
	at org.eclipse.jetty.io.SelectorManager.doFinishConnect(SelectorManager.java:355) ~[jetty-io-9.4.50.v20221201.jar:9.4.50.v20221201]
	at org.eclipse.jetty.io.ManagedSelector.processConnect(ManagedSelector.java:347) ~[jetty-io-9.4.50.v20221201.jar:9.4.50.v20221201]
	at org.eclipse.jetty.io.ManagedSelector.access$1700(ManagedSelector.java:65) ~[jetty-io-9.4.50.v20221201.jar:9.4.50.v20221201]
	at org.eclipse.jetty.io.ManagedSelector$SelectorProducer.processSelected(ManagedSelector.java:676) ~[jetty-io-9.4.50.v20221201.jar:9.4.50.v20221201]
	at org.eclipse.jetty.io.ManagedSelector$SelectorProducer.produce(ManagedSelector.java:535) ~[jetty-io-9.4.50.v20221201.jar:9.4.50.v20221201]
	at org.eclipse.jetty.util.thread.strategy.EatWhatYouKill.produceTask(EatWhatYouKill.java:362) ~[jetty-util-9.4.50.v20221201.jar:9.4.50.v20221201]
	at org.eclipse.jetty.util.thread.strategy.EatWhatYouKill.doProduce(EatWhatYouKill.java:186) ~[jetty-util-9.4.50.v20221201.jar:9.4.50.v20221201]
	at org.eclipse.jetty.util.thread.strategy.EatWhatYouKill.tryProduce(EatWhatYouKill.java:173) ~[jetty-util-9.4.50.v20221201.jar:9.4.50.v20221201]
	at org.eclipse.jetty.util.thread.strategy.EatWhatYouKill.produce(EatWhatYouKill.java:137) ~[jetty-util-9.4.50.v20221201.jar:9.4.50.v20221201]
	at org.eclipse.jetty.util.thread.QueuedThreadPool.runJob(QueuedThreadPool.java:883) ~[jetty-util-9.4.50.v20221201.jar:9.4.50.v20221201]
	at org.eclipse.jetty.util.thread.QueuedThreadPool$Runner.run(QueuedThreadPool.java:1034) ~[jetty-util-9.4.50.v20221201.jar:9.4.50.v20221201]
	at java.lang.Thread.run(Thread.java:748) ~[?:1.8.0_251]
2023-02-09 16:59:56  INFO [ros.RosBridgeTest] ===== Welcome To NICOM Robotics Server Application =====
2023-02-09 16:59:56  INFO [util.log] Logging initialized @1288ms to org.eclipse.jetty.util.log.Slf4jLog
2023-02-09 16:59:58  INFO [ros.RosBridge] Connecting to: ws://192.168.0.59:9090
2023-02-09 16:59:58  INFO [ros.RosBridge] Got connect for ros: WebSocketSession[websocket=JettyAnnotatedEventDriver[ros.RosBridge@3cf4fe90],behavior=CLIENT,connection=WebSocketClientConnection@5172dfe::SocketChannelEndPoint@53a8998c{l=/192.168.0.212:54827,r=/192.168.0.59:9090,OPEN,fill=-,flush=-,to=41/300000}{io=0/0,kio=0,kro=1}->WebSocketClientConnection@5172dfe[s=ConnectionState@6fec26da[OPENING],f=Flusher@419d1ecc[IDLE][queueSize=0,aggregateSize=-1,terminated=null],g=Generator[CLIENT,validating],p=Parser@168a08d5[ExtensionStack,s=START,c=0,len=0,f=null]],remote=WebSocketRemoteEndpoint@1799771[batching=true],incoming=JettyAnnotatedEventDriver[ros.RosBridge@3cf4fe90],outgoing=ExtensionStack[queueSize=0,extensions=[],incoming=org.eclipse.jetty.websocket.common.WebSocketSession,outgoing=org.eclipse.jetty.websocket.client.io.WebSocketClientConnection]]
2023-02-09 17:04:58  WARN [events.JettyAnnotatedEventDriver] Unable to report throwable to websocket (no @OnWebSocketError handler declared): ros.RosBridge
org.eclipse.jetty.websocket.api.CloseException: java.util.concurrent.TimeoutException: Idle timeout expired: 300006/300000 ms
	at org.eclipse.jetty.websocket.common.io.AbstractWebSocketConnection.onReadTimeout(AbstractWebSocketConnection.java:564) ~[websocket-common-9.4.50.v20221201.jar:9.4.50.v20221201]
	at org.eclipse.jetty.io.AbstractConnection.onFillInterestedFailed(AbstractConnection.java:172) ~[jetty-io-9.4.50.v20221201.jar:9.4.50.v20221201]
	at org.eclipse.jetty.websocket.common.io.AbstractWebSocketConnection.onFillInterestedFailed(AbstractWebSocketConnection.java:539) ~[websocket-common-9.4.50.v20221201.jar:9.4.50.v20221201]
	at org.eclipse.jetty.io.AbstractConnection$ReadCallback.failed(AbstractConnection.java:317) ~[jetty-io-9.4.50.v20221201.jar:9.4.50.v20221201]
	at org.eclipse.jetty.io.FillInterest.onFail(FillInterest.java:140) ~[jetty-io-9.4.50.v20221201.jar:9.4.50.v20221201]
	at org.eclipse.jetty.io.AbstractEndPoint.onIdleExpired(AbstractEndPoint.java:407) ~[jetty-io-9.4.50.v20221201.jar:9.4.50.v20221201]
	at org.eclipse.jetty.io.IdleTimeout.checkIdleTimeout(IdleTimeout.java:171) ~[jetty-io-9.4.50.v20221201.jar:9.4.50.v20221201]
	at org.eclipse.jetty.io.IdleTimeout.idleCheck(IdleTimeout.java:113) ~[jetty-io-9.4.50.v20221201.jar:9.4.50.v20221201]
	at java.util.concurrent.Executors$RunnableAdapter.call(Executors.java:511) ~[?:1.8.0_251]
	at java.util.concurrent.FutureTask.run(FutureTask.java:266) ~[?:1.8.0_251]
	at java.util.concurrent.ScheduledThreadPoolExecutor$ScheduledFutureTask.access$201(ScheduledThreadPoolExecutor.java:180) ~[?:1.8.0_251]
	at java.util.concurrent.ScheduledThreadPoolExecutor$ScheduledFutureTask.run(ScheduledThreadPoolExecutor.java:293) ~[?:1.8.0_251]
	at java.util.concurrent.ThreadPoolExecutor.runWorker(ThreadPoolExecutor.java:1149) ~[?:1.8.0_251]
	at java.util.concurrent.ThreadPoolExecutor$Worker.run(ThreadPoolExecutor.java:624) ~[?:1.8.0_251]
	at java.lang.Thread.run(Thread.java:748) ~[?:1.8.0_251]
Caused by: java.util.concurrent.TimeoutException: Idle timeout expired: 300006/300000 ms
	... 9 more
2023-02-09 17:04:58  INFO [ros.RosBridge] Connection closed: 1001 - java.util.concurrent.TimeoutException: Idle timeout expired: 300006/300000 ms
